1	Natural	_	JJ	_	2	amod
2	disasters	_	NNS	_	10	nsubj
3	–	_	:	_	2	punct
4	storms	_	NNS	_	2	dep
5	,	_	,	_	4	punct
6	flooding	_	NN	_	4	conj
7	,	_	,	_	4	punct
8	hurricanes	_	NNS	_	4	conj
9	–	_	:	_	2	punct
10	occur	_	VBP	_	0	ROOT
11	infrequently	_	RB	_	10	advmod
12	but	_	CC	_	13	cc
13	cause	_	VB	_	10	conj
14	devastation	_	NN	_	13	obj
15	that	_	WDT	_	16	nsubj
16	strains	_	VBZ	_	14	acl:relcl
17	resources	_	NNS	_	16	obj
18	to	_	IN	_	20	case
19	breaking	_	VBG	_	20	amod
20	point	_	NN	_	16	obl
21	.	_	.	_	10	punct

