1	Letters	_	NNPS	_	2	nsubj
2	delivered	_	VBD	_	12	csubj
3	on	_	IN	_	4	case
4	time	_	NN	_	2	obl
5	by	_	IN	_	9	case
6	old	_	JJ	_	8	amod
7	-	_	HYPH	_	8	punct
8	fashioned	_	JJ	_	9	amod
9	means	_	NNS	_	2	obl
10	are	_	VBP	_	12	cop
11	increasingly	_	RB	_	12	advmod
12	rare	_	JJ	_	0	ROOT
13	,	_	,	_	12	punct
14	so	_	IN	_	25	mark
15	it	_	PRP	_	25	nsubj
16	is	_	VBZ	_	25	cop
17	as	_	RB	_	25	cc
18	well	_	RB	_	17	fixed
19	that	_	IN	_	17	fixed
20	that	_	DT	_	25	nsubj
21	is	_	VBZ	_	25	cop
22	not	_	RB	_	25	advmod
23	the	_	DT	_	25	det
24	only	_	JJ	_	25	amod
25	option	_	NN	_	12	advcl
26	available	_	JJ	_	25	amod
27	.	_	.	_	12	punct

