1	My	_	PRP$	_	3	nmod:poss
2	wildest	_	JJ	_	3	amod
3	dream	_	NN	_	6	nsubj
4	is	_	VBZ	_	6	aux
5	to	_	TO	_	6	mark
6	build	_	VB	_	0	ROOT
7	a	_	DT	_	9	det
8	POS	_	NN	_	9	compound
9	tagger	_	NN	_	6	obj
10	which	_	WDT	_	11	nsubj
11	processes	_	VBZ	_	9	acl:relcl
12	10K	_	NN	_	13	compound
13	words	_	NNS	_	11	obj
14	per	_	IN	_	15	case
15	second	_	NN	_	13	nmod
16	and	_	CC	_	17	cc
17	uses	_	VBZ	_	11	conj
18	only	_	RB	_	19	advmod
19	1	_	CD	_	20	nummod
20	MB	_	NN	_	17	obj
21	of	_	IN	_	22	case
22	RAM	_	NNP	_	20	nmod
23	,	_	,	_	6	punct
24	but	_	CC	_	27	cc
25	it	_	PRP	_	27	nsubj
26	may	_	MD	_	27	aux
27	prove	_	VB	_	6	conj
28	too	_	RB	_	29	advmod
29	hard	_	JJ	_	27	xcomp
30	.	_	.	_	6	punct

