1	English	_	NNP	_	3	nsubj
2	also	_	RB	_	3	advmod
3	has	_	VBZ	_	0	ROOT
4	many	_	JJ	_	5	amod
5	words	_	NNS	_	3	obj
6	of	_	IN	_	11	case
7	more	_	RBR	_	10	advmod
8	or	_	CC	_	9	cc
9	less	_	RBR	_	7	conj
10	unique	_	JJ	_	11	amod
11	function	_	NN	_	5	nmod
12	,	_	,	_	5	punct
13	including	_	VBG	_	14	case
14	interjections	_	NNS	_	5	nmod
15	(	_	-LRB-	_	14	punct
16	oh	_	UH	_	14	discourse
17	,	_	,	_	16	punct
18	ah	_	UH	_	16	dep
19	)	_	-RRB-	_	14	punct
20	,	_	,	_	14	punct
21	negatives	_	NNS	_	14	conj
22	(	_	-LRB-	_	25	punct
23	no	_	UH	_	25	discourse
24	,	_	,	_	25	punct
25	not	_	RB	_	21	dep
26	)	_	-RRB-	_	25	punct
27	,	_	,	_	14	punct
28	politeness	_	NN	_	29	compound
29	markers	_	NNS	_	14	conj
30	(	_	-LRB-	_	33	punct
31	please	_	UH	_	33	discourse
32	,	_	,	_	33	punct
33	thank	_	VBP	_	29	dep
34	you	_	PRP	_	33	obj
35	)	_	-RRB-	_	33	punct
36	,	_	,	_	14	punct
37	and	_	CC	_	14	dep
38	the	_	DT	_	37	dep
39	existential	_	JJ	_	45	dep
40	‘	_	``	_	45	punct
41	there	_	EX	_	45	expl
42	’	_	''	_	45	punct
43	(	_	-LRB-	_	45	punct
44	there	_	EX	_	45	expl
45	are	_	VBP	_	38	dep
46	horses	_	NNS	_	45	nsubj
47	but	_	CC	_	48	cc
48	not	_	RB	_	49	cc
49	unicorns	_	NNS	_	46	conj
50	)	_	-RRB-	_	46	punct
51	among	_	IN	_	52	case
52	others	_	NNS	_	46	nmod
53	.	_	.	_	3	punct

