1	Making	_	VBG	_	4	aux
2	these	_	DT	_	3	det
3	decisions	_	NNS	_	4	nsubj
4	requires	_	VBZ	_	0	ROOT
5	sophisticated	_	JJ	_	6	amod
6	knowledge	_	NN	_	4	obj
7	of	_	IN	_	8	case
8	syntax	_	NN	_	6	nmod
9	;	_	:	_	4	punct
10	tagging	_	VBG	_	11	amod
11	manuals	_	NNS	_	17	nsubj
12	(	_	-LRB-	_	13	punct
13	Santorini	_	NNP	_	11	appos
14	,	_	,	_	13	punct
15	1990	_	CD	_	13	obl:tmod
16	)	_	-RRB-	_	13	punct
17	give	_	VBP	_	4	parataxis
18	various	_	JJ	_	19	amod
19	heuristics	_	NNS	_	17	obj
20	that	_	WDT	_	22	nsubj
21	can	_	MD	_	22	aux
22	help	_	VB	_	19	acl:relcl
23	human	_	JJ	_	24	amod
24	coders	_	NNS	_	25	nsubj
25	make	_	VBP	_	22	ccomp
26	these	_	DT	_	27	det
27	decisions	_	NNS	_	25	obj
28	and	_	CC	_	32	cc
29	that	_	DT	_	32	nsubj
30	can	_	MD	_	32	aux
31	also	_	RB	_	32	advmod
32	provide	_	VB	_	22	conj
33	useful	_	JJ	_	34	amod
34	features	_	NNS	_	32	obj
35	for	_	IN	_	37	case
36	automatic	_	JJ	_	37	amod
37	taggers	_	NNS	_	34	nmod
38	.	_	.	_	4	punct

