1	The	_	DT	_	4	det
2	Penn	_	NNP	_	3	compound
3	Treebank	_	NNP	_	4	compound
4	tagset	_	NN	_	6	nsubj:pass
5	was	_	VBD	_	6	aux:pass
6	culled	_	VBN	_	0	ROOT
7	from	_	IN	_	13	case
8	the	_	DT	_	13	det
9	original	_	JJ	_	13	amod
10	87	_	CD	_	12	nummod
11	-	_	HYPH	_	12	punct
12	tag	_	NN	_	13	compound
13	tagset	_	NN	_	6	obl
14	for	_	IN	_	17	case
15	the	_	DT	_	17	det
16	Brown	_	NNP	_	17	compound
17	Corpus	_	NNP	_	13	nmod
18	.	_	.	_	6	punct

1	For	_	IN	_	2	case
2	example	_	NN	_	9	obl
3	the	_	DT	_	8	det
4	original	_	JJ	_	8	amod
5	Brown	_	NNP	_	8	compound
6	and	_	CC	_	7	cc
7	C5	_	NN	_	5	conj
8	tagsets	_	NNS	_	9	nsubj
9	include	_	VBP	_	0	ROOT
10	a	_	DT	_	12	det
11	separate	_	JJ	_	12	amod
12	tag	_	NN	_	9	obj
13	for	_	IN	_	14	case
14	each	_	DT	_	12	nmod
15	of	_	IN	_	18	case
16	the	_	DT	_	18	det
17	different	_	JJ	_	18	amod
18	forms	_	NNS	_	14	nmod
19	of	_	IN	_	21	case
20	the	_	DT	_	21	det
21	verbs	_	NNS	_	18	nmod
22	do	_	VBP	_	12	acl
23	(	_	-LRB-	_	27	punct
24	e.g.	_	FW	_	27	advmod
25	C5	_	NN	_	27	compound
26	tag	_	NN	_	27	compound
27	VDD	_	NN	_	22	dep
28	for	_	IN	_	27	dep
29	did	_	VBD	_	28	dep
30	and	_	CC	_	32	cc
31	VDG	_	NNP	_	32	compound
32	tag	_	NN	_	29	conj
33	for	_	IN	_	34	case
34	doing	_	VBG	_	29	dep
35	)	_	-RRB-	_	34	punct
36	,	_	,	_	34	punct
37	be	_	VB	_	34	dep
38	and	_	CC	_	39	cc
39	have	_	VB	_	37	conj
40	.	_	.	_	27	punct

