1	The	_	DT	_	4	det
2	slightly	_	RB	_	3	advmod
3	simplified	_	VBN	_	4	amod
4	version	_	NN	_	0	ROOT
5	of	_	IN	_	8	case
6	the	_	DT	_	8	det
7	Viterbi	_	NNP	_	8	compound
8	algorithm	_	NN	_	4	nmod
9	that	_	WDT	_	11	obj
10	we	_	PRP	_	11	nsubj
11	present	_	VBP	_	8	acl:relcl
12	takes	_	VBZ	_	11	obj
13	as	_	IN	_	14	case
14	input	_	NN	_	11	obl
15	a	_	DT	_	17	det
16	single	_	JJ	_	17	amod
17	HMM	_	NN	_	14	obj
18	and	_	CC	_	20	cc
19	a	_	DT	_	20	det
20	sequence	_	NN	_	17	conj
21	of	_	IN	_	20	acl
22	observed	_	VBN	_	21	acl
23	words	_	NNS	_	22	obj
24	O	_	NN	_	27	nsubj
25	=	_	SYM	_	27	dep
26	(	_	-LRB-	_	27	punct
27	o1	_	NN	_	23	dep
28	,	_	,	_	27	punct
29	o2	_	NN	_	27	conj
30	,	_	,	_	27	punct
31	...	_	:	_	27	punct
32	oT	_	NN	_	27	dep
33	)	_	-RRB-	_	23	punct
34	and	_	CC	_	35	cc
35	returns	_	VBZ	_	23	conj
36	the	_	DT	_	35	obj
37	most	_	RBS	_	38	advmod
38	probable	_	JJ	_	36	amod
39	state	_	NN	_	41	compound
40	/	_	HYPH	_	41	punct
41	tag	_	NN	_	43	compound
42	sequence	_	NN	_	43	compound
43	Q	_	NN	_	46	nsubj
44	=	_	SYM	_	46	dep
45	(	_	-LRB-	_	46	punct
46	q1	_	NN	_	38	dep
47	,	_	,	_	46	punct
48	q2	_	NN	_	46	conj
49	,	_	,	_	46	punct
50	qT	_	NN	_	46	dep
51	)	_	-RRB-	_	46	punct
52	together	_	RB	_	55	advmod
53	with	_	IN	_	55	case
54	its	_	PRP$	_	55	nmod:poss
55	probability	_	NN	_	46	obl
56	.	_	.	_	4	punct

