1	Thus	_	RB	_	10	advmod
2	the	_	DT	_	8	det
3	EM	_	NNP	_	5	obl
4	-	_	HYPH	_	5	punct
5	trained	_	VBN	_	8	amod
6	“	_	``	_	8	punct
7	pure	_	JJ	_	8	amod
8	HMM	_	NN	_	10	nsubj
9	”	_	''	_	10	punct
10	tagger	_	NN	_	14	nsubj:pass
11	is	_	VBZ	_	14	aux:pass
12	probably	_	RB	_	14	advmod
13	best	_	JJS	_	14	advmod
14	suited	_	VBN	_	0	ROOT
15	to	_	IN	_	16	case
16	cases	_	NNS	_	14	obl
17	where	_	WRB	_	22	advmod
18	no	_	DT	_	20	det
19	training	_	NN	_	20	compound
20	data	_	NNS	_	22	nsubj
21	is	_	VBZ	_	22	cop
22	available	_	JJ	_	16	acl:relcl
23	,	_	,	_	22	punct
24	for	_	IN	_	25	case
25	example	_	NN	_	22	obl
26	,	_	,	_	22	punct
27	when	_	WRB	_	22	dep
28	tagging	_	VBG	_	29	amod
29	languages	_	NNS	_	27	dep
30	for	_	IN	_	31	case
31	which	_	WDT	_	38	obl
32	no	_	DT	_	33	det
33	data	_	NNS	_	38	nsubj:pass
34	was	_	VBD	_	38	aux:pass
35	previously	_	RB	_	38	advmod
36	hand	_	NN	_	38	dep
37	-	_	HYPH	_	38	punct
38	tagged	_	VBN	_	29	acl:relcl
39	.	_	.	_	14	punct

