1	Skill	_	NN	_	5	nsubj
2	without	_	IN	_	3	case
3	imagination	_	NN	_	1	nmod
4	is	_	VBZ	_	5	cop
5	craftsmanship	_	NN	_	0	ROOT
6	and	_	CC	_	7	cc
7	gives	_	VBZ	_	5	conj
8	us	_	PRP	_	7	iobj
9	many	_	JJ	_	11	amod
10	useful	_	JJ	_	11	amod
11	objects	_	NNS	_	7	obj
12	such	_	JJ	_	16	case
13	as	_	IN	_	12	fixed
14	wickerwork	_	NN	_	16	compound
15	picnic	_	NN	_	16	compound
16	baskets	_	NNS	_	11	nmod
17	.	_	.	_	5	punct

1	Imagination	_	NN	_	4	nsubj
2	without	_	IN	_	3	case
3	skill	_	NN	_	1	nmod
4	gives	_	VBZ	_	0	ROOT
5	us	_	PRP	_	4	iobj
6	modern	_	JJ	_	7	amod
7	art	_	NN	_	4	obj
8	.	_	.	_	4	punct

