1	An	_	DT	_	3	det
2	MoD	_	NN	_	3	compound
3	spokesman	_	NN	_	4	nsubj
4	said	_	VBD	_	0	ROOT
5	:	_	:	_	4	punct
6	“	_	``	_	4	punct
7	Surveys	_	NNS	_	13	nsubj:pass
8	of	_	IN	_	9	case
9	Astute	_	NNP	_	7	nmod
10	have	_	VBP	_	13	aux
11	now	_	RB	_	13	advmod
12	been	_	VBN	_	13	aux:pass
13	completed	_	VBN	_	4	ccomp
14	and	_	CC	_	17	cc
15	she	_	PRP	_	17	nsubj
16	will	_	MD	_	17	aux
17	proceed	_	VB	_	13	conj
18	to	_	IN	_	19	case
19	Faslane	_	NNP	_	17	obl
20	under	_	IN	_	23	case
21	her	_	PRP$	_	23	nmod:poss
22	own	_	JJ	_	23	amod
23	power	_	NN	_	17	obl
24	.	_	.	_	4	punct

1	She	_	PRP	_	4	nsubj:pass
2	is	_	VBZ	_	4	aux
3	being	_	VBG	_	4	aux:pass
4	escorted	_	VBN	_	0	ROOT
5	by	_	IN	_	6	case
6	tugs	_	NNS	_	4	obl
7	and	_	CC	_	9	cc
8	HMS	_	NNP	_	9	compound
9	Shoreham	_	NNP	_	6	conj
10	.	_	.	_	4	punct
11	”	_	''	_	4	punct

