1	But	_	CC	_	6	cc
2	far	_	RB	_	3	advmod
3	fewer	_	JJR	_	4	amod
4	people	_	NNS	_	6	nsubj
5	fully	_	RB	_	6	advmod
6	understand	_	VBP	_	0	ROOT
7	how	_	WRB	_	11	advmod
8	the	_	DT	_	10	det
9	Media	_	NNP	_	10	compound
10	Lab	_	NNP	_	11	nsubj
11	operates	_	VBZ	_	6	ccomp
12	,	_	,	_	11	punct
13	fits	_	VBZ	_	11	conj
14	into	_	IN	_	15	case
15	MIT	_	NNP	_	13	obl
16	,	_	,	_	11	punct
17	and	_	CC	_	18	cc
18	encourages	_	VBZ	_	11	conj
19	such	_	PDT	_	22	det:predet
20	a	_	DT	_	22	det
21	creative	_	JJ	_	22	amod
22	environment	_	NN	_	18	obj
23	;	_	:	_	11	punct
24	about	_	RB	_	25	advmod
25	half	_	NN	_	32	nsubj
26	of	_	IN	_	31	case
27	the	_	DT	_	29	det
28	anniversary	_	NN	_	29	compound
29	celebration	_	NN	_	31	nmod:poss
30	’s	_	POS	_	29	case
31	program	_	NN	_	25	nmod
32	focused	_	VBD	_	11	parataxis
33	on	_	IN	_	35	case
34	simply	_	RB	_	35	advmod
35	defining	_	VBG	_	32	obl
36	what	_	WP	_	40	obj
37	the	_	DT	_	39	det
38	Media	_	NNP	_	39	compound
39	Lab	_	NNP	_	40	nsubj
40	is	_	VBZ	_	35	ccomp
41	.	_	.	_	6	punct

