1	Instead	_	RB	_	4	cc
2	of	_	IN	_	1	fixed
3	constantly	_	RB	_	4	advmod
4	worrying	_	VBG	_	13	advcl
5	about	_	IN	_	6	case
6	funding	_	NN	_	4	obl
7	,	_	,	_	13	punct
8	the	_	DT	_	9	det
9	faculty	_	NN	_	13	nsubj
10	and	_	CC	_	11	cc
11	students	_	NNS	_	9	conj
12	can	_	MD	_	13	aux
13	focus	_	VB	_	0	ROOT
14	on	_	IN	_	16	case
15	their	_	PRP$	_	16	nmod:poss
16	project	_	NN	_	13	obl
17	,	_	,	_	13	punct
18	with	_	IN	_	20	case
19	the	_	DT	_	20	det
20	exception	_	NN	_	13	obl
21	of	_	IN	_	24	case
22	sponsors	_	NNS	_	24	nmod:poss
23	’	_	POS	_	22	case
24	weeks	_	NNS	_	20	nmod
25	,	_	,	_	24	punct
26	when	_	WRB	_	30	advmod
27	they	_	PRP	_	30	nsubj
28	have	_	VBP	_	30	aux
29	to	_	TO	_	30	mark
30	convince	_	VB	_	24	acl:relcl
31	companies	_	NNS	_	30	obj
32	to	_	TO	_	33	mark
33	start	_	VB	_	30	xcomp
34	or	_	CC	_	35	cc
35	continue	_	VB	_	33	conj
36	their	_	PRP$	_	37	nmod:poss
37	support	_	NN	_	35	obj
38	.	_	.	_	13	punct

