1	The	_	DT	_	2	det
2	doctors	_	NNS	_	4	nsubj
3	are	_	VBP	_	4	aux
4	warning	_	VBG	_	0	ROOT
5	that	_	IN	_	10	mark
6	the	_	DT	_	7	det
7	NHS	_	NN	_	10	nsubj
8	can	_	MD	_	10	aux
9	not	_	RB	_	10	advmod
10	make	_	VB	_	4	ccomp
11	the	_	DT	_	13	det
12	£	_	$	_	13	compound
13	20bn	_	CD	_	10	obj
14	of	_	IN	_	15	case
15	savings	_	NNS	_	13	nmod
16	by	_	IN	_	17	case
17	2014	_	CD	_	10	obl
18	that	_	WDT	_	20	dep
19	ministers	_	NNS	_	20	nsubj
20	expect	_	VBP	_	10	dep
21	,	_	,	_	20	punct
22	while	_	IN	_	24	mark
23	simultaneously	_	RB	_	24	advmod
24	undertaking	_	VBG	_	20	advcl
25	a	_	DT	_	27	det
26	huge	_	JJ	_	27	amod
27	re-organisation	_	NN	_	24	obj
28	that	_	WDT	_	30	nsubj
29	will	_	MD	_	30	aux
30	see	_	VB	_	27	acl:relcl
31	England	_	NNP	_	36	nmod:poss
32	’s	_	POS	_	31	case
33	152	_	CD	_	36	nummod
34	primary	_	JJ	_	36	amod
35	care	_	NN	_	36	compound
36	trusts	_	NNS	_	30	iobj
37	(	_	-LRB-	_	36	punct
38	PCTs	_	NNS	_	36	dep
39	)	_	-RRB-	_	36	punct
40	abolished	_	VBD	_	30	obj
41	and	_	CC	_	45	cc
42	consortiums	_	NNS	_	45	nsubj
43	of	_	IN	_	44	case
44	GPs	_	NNS	_	42	nmod
45	assume	_	VBP	_	40	conj
46	responsibility	_	NN	_	45	obj
47	for	_	IN	_	49	case
48	the	_	DT	_	49	det
49	commissioning	_	NN	_	46	nmod
50	of	_	IN	_	51	case
51	services	_	NNS	_	49	nmod
52	for	_	IN	_	53	case
53	patients	_	NNS	_	51	nmod
54	.	_	.	_	4	punct

